- Starting CustomerProcessingApplicationTests on MCKD-TRNG60-46 with PID 8852 (started by comviva in D:\customer\Customer-Data-Processing-and-report-generator-java-config-)
- No active profile set, falling back to default profiles: default
- Started CustomerProcessingApplicationTests in 1.555 seconds (JVM running for 2.656)
- Customer with phone number 70969 ------->Registration Failed -->Duplicate phone number
- Customer with phone number 70968 ------->Registration Failed -->Duplicate phone number
- Customer with phone number 70969 ------->Registration Failed -->Duplicate phone number
- Customer with phone number 70970 ------->Registration Failed -->Duplicate phone number
- Customer with phone number 70971 ------->Registration Failed -->Duplicate phone number
- Customer with phone number 70972 ------->Registration Failed -->Duplicate phone number
- Customer with phone number 70973 ------->Registration Failed -->Duplicate phone number
- Customer with phone number 70974 ------->Registration Failed -->Duplicate phone number
- Customer with phone number 70975 ------->Registration Failed -->Duplicate phone number
- Customer with phone number 70976 ------->Registration Failed -->Duplicate phone number
- Customer with phone number 70977 ------->Registration Failed -->Duplicate phone number
- Customer with phone number 70978 ------->Registration Failed -->Duplicate phone number
- Customer with phone number 70979 ------->Registration Failed -->Duplicate phone number
- Customer with phone number 70980 ------->Registration Failed -->Duplicate phone number
- Customer with phone number 70981 ------->Registration Failed -->Duplicate phone number
- Customer with phone number 70982 ------->Registration Failed -->Duplicate phone number
- Customer with phone number 70983 ------->Registration Failed -->Duplicate phone number
- Customer with phone number 70984 ------->Registration Failed -->Duplicate phone number
- Customer with phone number 70985 ------->Registration Failed -->Duplicate phone number
- Customer with phone number 70986 ------->Registration Failed -->Duplicate phone number
- Customer with phone number 70987 ------->Registration Failed -->Duplicate phone number
- Customer with phone number 70988 ------->Registration Failed -->Duplicate phone number
- Customer with phone number 70989 ------->Registration Failed -->Duplicate phone number
- Customer with phone number 70990 ------->Registration Failed -->Duplicate phone number
- Customer with phone number 70991 ------->Registration Failed -->Duplicate phone number
- Customer with phone number 70992 ------->Registration Failed -->Duplicate phone number
- Customer with phone number 70993 ------->Registration Failed -->Duplicate phone number
- Customer with phone number 70994 ------->Registration Failed -->Duplicate phone number
- Customer with phone number 70995 ------->Registration Failed -->Duplicate phone number
- Customer with phone number 70999 ------->Registration Failed -->Duplicate phone number
- Customer with phone number 70969 ------->Registration Failed -->Duplicate phone number
- Customer with phone number 70968 ------->Registration Failed -->Duplicate phone number
- Customer with phone number 70969 ------->Registration Failed -->Duplicate phone number
- Customer with phone number 70970 ------->Registration Failed -->Duplicate phone number
- Customer with phone number 70971 ------->Registration Failed -->Duplicate phone number
- Customer with phone number 70972 ------->Registration Failed -->Duplicate phone number
- Customer with phone number 70973 ------->Registration Failed -->Duplicate phone number
- Customer with phone number 70974 ------->Registration Failed -->Duplicate phone number
- Customer with phone number 70975 ------->Registration Failed -->Duplicate phone number
- Customer with phone number 70976 ------->Registration Failed -->Duplicate phone number
- Customer with phone number 70977 ------->Registration Failed -->Duplicate phone number
- Customer with phone number 70978 ------->Registration Failed -->Duplicate phone number
- Customer with phone number 70979 ------->Registration Failed -->Duplicate phone number
- Customer with phone number 70980 ------->Registration Failed -->Duplicate phone number
- Customer with phone number 70981 ------->Registration Failed -->Duplicate phone number
- Customer with phone number 70982 ------->Registration Failed -->Duplicate phone number
- Customer with phone number 70983 ------->Registration Failed -->Duplicate phone number
- Customer with phone number 70984 ------->Registration Failed -->Duplicate phone number
- Customer with phone number 70985 ------->Registration Failed -->Duplicate phone number
- Customer with phone number 70986 ------->Registration Failed -->Duplicate phone number
- Customer with phone number 70987 ------->Registration Failed -->Duplicate phone number
- Customer with phone number 70988 ------->Registration Failed -->Duplicate phone number
- Customer with phone number 70989 ------->Registration Failed -->Duplicate phone number
- Customer with phone number 70990 ------->Registration Failed -->Duplicate phone number
- Customer with phone number 70991 ------->Registration Failed -->Duplicate phone number
- Customer with phone number 70992 ------->Registration Failed -->Duplicate phone number
- Customer with phone number 70993 ------->Registration Failed -->Duplicate phone number
- Customer with phone number 70994 ------->Registration Failed -->Duplicate phone number
- Customer with phone number 70995 ------->Registration Failed -->Duplicate phone number
- Customer with phone number 70999 ------->Registration Failed -->Duplicate phone number
- Starting CustomerProcessingApplicationTests on MCKD-TRNG60-46 with PID 12104 (started by comviva in D:\customer\Customer-Data-Processing-and-report-generator-java-config-)
- No active profile set, falling back to default profiles: default
- Started CustomerProcessingApplicationTests in 1.557 seconds (JVM running for 2.65)
- Customer with phone number 70969 ------->Registration Failed -->Duplicate phone number
- Customer with phone number 70968 ------->Registration Failed -->Duplicate phone number
- Customer with phone number 70969 ------->Registration Failed -->Duplicate phone number
- Customer with phone number 70970 ------->Registration Failed -->Duplicate phone number
- Customer with phone number 70971 ------->Registration Failed -->Duplicate phone number
- Customer with phone number 70972 ------->Registration Failed -->Duplicate phone number
- Customer with phone number 70973 ------->Registration Failed -->Duplicate phone number
- Customer with phone number 70974 ------->Registration Failed -->Duplicate phone number
- Customer with phone number 70975 ------->Registration Failed -->Duplicate phone number
- Customer with phone number 70976 ------->Registration Failed -->Duplicate phone number
- Customer with phone number 70977 ------->Registration Failed -->Duplicate phone number
- Customer with phone number 70978 ------->Registration Failed -->Duplicate phone number
- Customer with phone number 70979 ------->Registration Failed -->Duplicate phone number
- Customer with phone number 70980 ------->Registration Failed -->Duplicate phone number
- Customer with phone number 70981 ------->Registration Failed -->Duplicate phone number
- Customer with phone number 70982 ------->Registration Failed -->Duplicate phone number
- Customer with phone number 70983 ------->Registration Failed -->Duplicate phone number
- Customer with phone number 70984 ------->Registration Failed -->Duplicate phone number
- Customer with phone number 70985 ------->Registration Failed -->Duplicate phone number
- Customer with phone number 70986 ------->Registration Failed -->Duplicate phone number
- Customer with phone number 70987 ------->Registration Failed -->Duplicate phone number
- Customer with phone number 70988 ------->Registration Failed -->Duplicate phone number
- Customer with phone number 70989 ------->Registration Failed -->Duplicate phone number
- Customer with phone number 70990 ------->Registration Failed -->Duplicate phone number
- Customer with phone number 70991 ------->Registration Failed -->Duplicate phone number
- Customer with phone number 70992 ------->Registration Failed -->Duplicate phone number
- Customer with phone number 70993 ------->Registration Failed -->Duplicate phone number
- Customer with phone number 70994 ------->Registration Failed -->Duplicate phone number
- Customer with phone number 70995 ------->Registration Failed -->Duplicate phone number
- Customer with phone number 70999 ------->Registration Failed -->Duplicate phone number
- Customer with phone number 70969 ------->Registration Failed -->Duplicate phone number
- Customer with phone number 70968 ------->Registration Failed -->Duplicate phone number
- Customer with phone number 70969 ------->Registration Failed -->Duplicate phone number
- Customer with phone number 70970 ------->Registration Failed -->Duplicate phone number
- Customer with phone number 70971 ------->Registration Failed -->Duplicate phone number
- Customer with phone number 70972 ------->Registration Failed -->Duplicate phone number
- Customer with phone number 70973 ------->Registration Failed -->Duplicate phone number
- Customer with phone number 70974 ------->Registration Failed -->Duplicate phone number
- Customer with phone number 70975 ------->Registration Failed -->Duplicate phone number
- Customer with phone number 70976 ------->Registration Failed -->Duplicate phone number
- Customer with phone number 70977 ------->Registration Failed -->Duplicate phone number
- Customer with phone number 70978 ------->Registration Failed -->Duplicate phone number
- Customer with phone number 70979 ------->Registration Failed -->Duplicate phone number
- Customer with phone number 70980 ------->Registration Failed -->Duplicate phone number
- Customer with phone number 70981 ------->Registration Failed -->Duplicate phone number
- Customer with phone number 70982 ------->Registration Failed -->Duplicate phone number
- Customer with phone number 70983 ------->Registration Failed -->Duplicate phone number
- Customer with phone number 70984 ------->Registration Failed -->Duplicate phone number
- Customer with phone number 70985 ------->Registration Failed -->Duplicate phone number
- Customer with phone number 70986 ------->Registration Failed -->Duplicate phone number
- Customer with phone number 70987 ------->Registration Failed -->Duplicate phone number
- Customer with phone number 70988 ------->Registration Failed -->Duplicate phone number
- Customer with phone number 70989 ------->Registration Failed -->Duplicate phone number
- Customer with phone number 70990 ------->Registration Failed -->Duplicate phone number
- Customer with phone number 70991 ------->Registration Failed -->Duplicate phone number
- Customer with phone number 70992 ------->Registration Failed -->Duplicate phone number
- Customer with phone number 70993 ------->Registration Failed -->Duplicate phone number
- Customer with phone number 70994 ------->Registration Failed -->Duplicate phone number
- Customer with phone number 70995 ------->Registration Failed -->Duplicate phone number
- Customer with phone number 70999 ------->Registration Failed -->Duplicate phone number
- Customer with phone number 70969 ------->Registration Failed -->Duplicate phone number
- Customer with phone number 70968 ------->Registration Failed -->Duplicate phone number
- Customer with phone number 70969 ------->Registration Failed -->Duplicate phone number
- Customer with phone number 70970 ------->Registration Failed -->Duplicate phone number
- Customer with phone number 70971 ------->Registration Failed -->Duplicate phone number
- Customer with phone number 70972 ------->Registration Failed -->Duplicate phone number
- Customer with phone number 70973 ------->Registration Failed -->Duplicate phone number
- Customer with phone number 70974 ------->Registration Failed -->Duplicate phone number
- Customer with phone number 70975 ------->Registration Failed -->Duplicate phone number
- Customer with phone number 70976 ------->Registration Failed -->Duplicate phone number
- Customer with phone number 70977 ------->Registration Failed -->Duplicate phone number
- Customer with phone number 70978 ------->Registration Failed -->Duplicate phone number
- Customer with phone number 70979 ------->Registration Failed -->Duplicate phone number
- Customer with phone number 70980 ------->Registration Failed -->Duplicate phone number
- Customer with phone number 70981 ------->Registration Failed -->Duplicate phone number
- Customer with phone number 70982 ------->Registration Failed -->Duplicate phone number
- Customer with phone number 70983 ------->Registration Failed -->Duplicate phone number
- Customer with phone number 70984 ------->Registration Failed -->Duplicate phone number
- Customer with phone number 70985 ------->Registration Failed -->Duplicate phone number
- Customer with phone number 70986 ------->Registration Failed -->Duplicate phone number
- Customer with phone number 70987 ------->Registration Failed -->Duplicate phone number
- Customer with phone number 70988 ------->Registration Failed -->Duplicate phone number
- Customer with phone number 70989 ------->Registration Failed -->Duplicate phone number
- Customer with phone number 70990 ------->Registration Failed -->Duplicate phone number
- Customer with phone number 70991 ------->Registration Failed -->Duplicate phone number
- Customer with phone number 70992 ------->Registration Failed -->Duplicate phone number
- Customer with phone number 70993 ------->Registration Failed -->Duplicate phone number
- Customer with phone number 70994 ------->Registration Failed -->Duplicate phone number
- Customer with phone number 70995 ------->Registration Failed -->Duplicate phone number
- Customer with phone number 70999 ------->Registration Failed -->Duplicate phone number
- Starting CustomerProcessingApplicationTests on MCKD-TRNG60-46 with PID 12136 (started by comviva in D:\customer\Customer-Data-Processing-and-report-generator-java-config-)
- No active profile set, falling back to default profiles: default
- Started CustomerProcessingApplicationTests in 1.612 seconds (JVM running for 2.689)
- Customer with phone number 70969 ------->Registration Failed -->Duplicate phone number
- Customer with phone number 70968 ------->Registration Failed -->Duplicate phone number
- Customer with phone number 70969 ------->Registration Failed -->Duplicate phone number
- Customer with phone number 70970 ------->Registration Failed -->Duplicate phone number
- Customer with phone number 70971 ------->Registration Failed -->Duplicate phone number
- Customer with phone number 70972 ------->Registration Failed -->Duplicate phone number
- Customer with phone number 70973 ------->Registration Failed -->Duplicate phone number
- Customer with phone number 70974 ------->Registration Failed -->Duplicate phone number
- Customer with phone number 70975 ------->Registration Failed -->Duplicate phone number
- Customer with phone number 70976 ------->Registration Failed -->Duplicate phone number
- Customer with phone number 70977 ------->Registration Failed -->Duplicate phone number
- Customer with phone number 70978 ------->Registration Failed -->Duplicate phone number
- Customer with phone number 70979 ------->Registration Failed -->Duplicate phone number
- Customer with phone number 70980 ------->Registration Failed -->Duplicate phone number
- Customer with phone number 70981 ------->Registration Failed -->Duplicate phone number
- Customer with phone number 70982 ------->Registration Failed -->Duplicate phone number
- Customer with phone number 70983 ------->Registration Failed -->Duplicate phone number
- Customer with phone number 70984 ------->Registration Failed -->Duplicate phone number
- Customer with phone number 70985 ------->Registration Failed -->Duplicate phone number
- Customer with phone number 70986 ------->Registration Failed -->Duplicate phone number
- Customer with phone number 70987 ------->Registration Failed -->Duplicate phone number
- Customer with phone number 70988 ------->Registration Failed -->Duplicate phone number
- Customer with phone number 70989 ------->Registration Failed -->Duplicate phone number
- Customer with phone number 70990 ------->Registration Failed -->Duplicate phone number
- Customer with phone number 70991 ------->Registration Failed -->Duplicate phone number
- Customer with phone number 70992 ------->Registration Failed -->Duplicate phone number
- Customer with phone number 70993 ------->Registration Failed -->Duplicate phone number
- Customer with phone number 70994 ------->Registration Failed -->Duplicate phone number
- Customer with phone number 70995 ------->Registration Failed -->Duplicate phone number
- Customer with phone number 70999 ------->Registration Failed -->Duplicate phone number
- Customer with phone number 70969 ------->Registration Failed -->Duplicate phone number
- Customer with phone number 70968 ------->Registration Failed -->Duplicate phone number
- Customer with phone number 70969 ------->Registration Failed -->Duplicate phone number
- Customer with phone number 70970 ------->Registration Failed -->Duplicate phone number
- Customer with phone number 70971 ------->Registration Failed -->Duplicate phone number
- Customer with phone number 70972 ------->Registration Failed -->Duplicate phone number
- Customer with phone number 70973 ------->Registration Failed -->Duplicate phone number
- Customer with phone number 70974 ------->Registration Failed -->Duplicate phone number
- Customer with phone number 70975 ------->Registration Failed -->Duplicate phone number
- Customer with phone number 70976 ------->Registration Failed -->Duplicate phone number
- Customer with phone number 70977 ------->Registration Failed -->Duplicate phone number
- Customer with phone number 70978 ------->Registration Failed -->Duplicate phone number
- Customer with phone number 70979 ------->Registration Failed -->Duplicate phone number
- Customer with phone number 70980 ------->Registration Failed -->Duplicate phone number
- Customer with phone number 70981 ------->Registration Failed -->Duplicate phone number
- Customer with phone number 70982 ------->Registration Failed -->Duplicate phone number
- Customer with phone number 70983 ------->Registration Failed -->Duplicate phone number
- Customer with phone number 70984 ------->Registration Failed -->Duplicate phone number
- Customer with phone number 70985 ------->Registration Failed -->Duplicate phone number
- Customer with phone number 70986 ------->Registration Failed -->Duplicate phone number
- Customer with phone number 70987 ------->Registration Failed -->Duplicate phone number
- Customer with phone number 70988 ------->Registration Failed -->Duplicate phone number
- Customer with phone number 70989 ------->Registration Failed -->Duplicate phone number
- Customer with phone number 70990 ------->Registration Failed -->Duplicate phone number
- Customer with phone number 70991 ------->Registration Failed -->Duplicate phone number
- Customer with phone number 70992 ------->Registration Failed -->Duplicate phone number
- Customer with phone number 70993 ------->Registration Failed -->Duplicate phone number
- Customer with phone number 70994 ------->Registration Failed -->Duplicate phone number
- Customer with phone number 70995 ------->Registration Failed -->Duplicate phone number
- Customer with phone number 70999 ------->Registration Failed -->Duplicate phone number
- Customer with phone number 70969 ------->Registration Failed -->Duplicate phone number
- Customer with phone number 70968 ------->Registration Failed -->Duplicate phone number
- Customer with phone number 70969 ------->Registration Failed -->Duplicate phone number
- Customer with phone number 70970 ------->Registration Failed -->Duplicate phone number
- Customer with phone number 70971 ------->Registration Failed -->Duplicate phone number
- Customer with phone number 70972 ------->Registration Failed -->Duplicate phone number
- Customer with phone number 70973 ------->Registration Failed -->Duplicate phone number
- Customer with phone number 70974 ------->Registration Failed -->Duplicate phone number
- Customer with phone number 70975 ------->Registration Failed -->Duplicate phone number
- Customer with phone number 70976 ------->Registration Failed -->Duplicate phone number
- Customer with phone number 70977 ------->Registration Failed -->Duplicate phone number
- Customer with phone number 70978 ------->Registration Failed -->Duplicate phone number
- Customer with phone number 70979 ------->Registration Failed -->Duplicate phone number
- Customer with phone number 70980 ------->Registration Failed -->Duplicate phone number
- Customer with phone number 70981 ------->Registration Failed -->Duplicate phone number
- Customer with phone number 70982 ------->Registration Failed -->Duplicate phone number
- Customer with phone number 70983 ------->Registration Failed -->Duplicate phone number
- Customer with phone number 70984 ------->Registration Failed -->Duplicate phone number
- Customer with phone number 70985 ------->Registration Failed -->Duplicate phone number
- Customer with phone number 70986 ------->Registration Failed -->Duplicate phone number
- Customer with phone number 70987 ------->Registration Failed -->Duplicate phone number
- Customer with phone number 70988 ------->Registration Failed -->Duplicate phone number
- Customer with phone number 70989 ------->Registration Failed -->Duplicate phone number
- Customer with phone number 70990 ------->Registration Failed -->Duplicate phone number
- Customer with phone number 70991 ------->Registration Failed -->Duplicate phone number
- Customer with phone number 70992 ------->Registration Failed -->Duplicate phone number
- Customer with phone number 70993 ------->Registration Failed -->Duplicate phone number
- Customer with phone number 70994 ------->Registration Failed -->Duplicate phone number
- Customer with phone number 70995 ------->Registration Failed -->Duplicate phone number
- Customer with phone number 70999 ------->Registration Failed -->Duplicate phone number
- Starting CustomerProcessingApplicationTests on MCKD-TRNG60-46 with PID 10312 (started by comviva in D:\customer\Customer-Data-Processing-and-report-generator-java-config-)
- No active profile set, falling back to default profiles: default
- Started CustomerProcessingApplicationTests in 1.639 seconds (JVM running for 2.769)
- Customer with phone number 70969 ------->Registration Failed -->Duplicate phone number
- Customer with phone number 70968 ------->Registration Failed -->Duplicate phone number
- Customer with phone number 70969 ------->Registration Failed -->Duplicate phone number
- Customer with phone number 70970 ------->Registration Failed -->Duplicate phone number
- Customer with phone number 70971 ------->Registration Failed -->Duplicate phone number
- Customer with phone number 70972 ------->Registration Failed -->Duplicate phone number
- Customer with phone number 70973 ------->Registration Failed -->Duplicate phone number
- Customer with phone number 70974 ------->Registration Failed -->Duplicate phone number
- Customer with phone number 70975 ------->Registration Failed -->Duplicate phone number
- Customer with phone number 70976 ------->Registration Failed -->Duplicate phone number
- Customer with phone number 70977 ------->Registration Failed -->Duplicate phone number
- Customer with phone number 70978 ------->Registration Failed -->Duplicate phone number
- Customer with phone number 70979 ------->Registration Failed -->Duplicate phone number
- Customer with phone number 70980 ------->Registration Failed -->Duplicate phone number
- Customer with phone number 70981 ------->Registration Failed -->Duplicate phone number
- Customer with phone number 70982 ------->Registration Failed -->Duplicate phone number
- Customer with phone number 70983 ------->Registration Failed -->Duplicate phone number
- Customer with phone number 70984 ------->Registration Failed -->Duplicate phone number
- Customer with phone number 70985 ------->Registration Failed -->Duplicate phone number
- Customer with phone number 70986 ------->Registration Failed -->Duplicate phone number
- Customer with phone number 70987 ------->Registration Failed -->Duplicate phone number
- Customer with phone number 70988 ------->Registration Failed -->Duplicate phone number
- Customer with phone number 70989 ------->Registration Failed -->Duplicate phone number
- Customer with phone number 70990 ------->Registration Failed -->Duplicate phone number
- Customer with phone number 70991 ------->Registration Failed -->Duplicate phone number
- Customer with phone number 70992 ------->Registration Failed -->Duplicate phone number
- Customer with phone number 70993 ------->Registration Failed -->Duplicate phone number
- Customer with phone number 70994 ------->Registration Failed -->Duplicate phone number
- Customer with phone number 70995 ------->Registration Failed -->Duplicate phone number
- Customer with phone number 70999 ------->Registration Failed -->Duplicate phone number
- Customer with phone number 70969 ------->Registration Failed -->Duplicate phone number
- Customer with phone number 70968 ------->Registration Failed -->Duplicate phone number
- Customer with phone number 70969 ------->Registration Failed -->Duplicate phone number
- Customer with phone number 70970 ------->Registration Failed -->Duplicate phone number
- Customer with phone number 70971 ------->Registration Failed -->Duplicate phone number
- Customer with phone number 70972 ------->Registration Failed -->Duplicate phone number
- Customer with phone number 70973 ------->Registration Failed -->Duplicate phone number
- Customer with phone number 70974 ------->Registration Failed -->Duplicate phone number
- Customer with phone number 70975 ------->Registration Failed -->Duplicate phone number
- Customer with phone number 70976 ------->Registration Failed -->Duplicate phone number
- Customer with phone number 70977 ------->Registration Failed -->Duplicate phone number
- Customer with phone number 70978 ------->Registration Failed -->Duplicate phone number
- Customer with phone number 70979 ------->Registration Failed -->Duplicate phone number
- Customer with phone number 70980 ------->Registration Failed -->Duplicate phone number
- Customer with phone number 70981 ------->Registration Failed -->Duplicate phone number
- Customer with phone number 70982 ------->Registration Failed -->Duplicate phone number
- Customer with phone number 70983 ------->Registration Failed -->Duplicate phone number
- Customer with phone number 70984 ------->Registration Failed -->Duplicate phone number
- Customer with phone number 70985 ------->Registration Failed -->Duplicate phone number
- Customer with phone number 70986 ------->Registration Failed -->Duplicate phone number
- Customer with phone number 70987 ------->Registration Failed -->Duplicate phone number
- Customer with phone number 70988 ------->Registration Failed -->Duplicate phone number
- Customer with phone number 70989 ------->Registration Failed -->Duplicate phone number
- Customer with phone number 70990 ------->Registration Failed -->Duplicate phone number
- Customer with phone number 70991 ------->Registration Failed -->Duplicate phone number
- Customer with phone number 70992 ------->Registration Failed -->Duplicate phone number
- Customer with phone number 70993 ------->Registration Failed -->Duplicate phone number
- Customer with phone number 70994 ------->Registration Failed -->Duplicate phone number
- Customer with phone number 70995 ------->Registration Failed -->Duplicate phone number
- Customer with phone number 70999 ------->Registration Failed -->Duplicate phone number
- Customer with phone number 70969 ------->Registration Failed -->Duplicate phone number
- Customer with phone number 70968 ------->Registration Failed -->Duplicate phone number
- Customer with phone number 70969 ------->Registration Failed -->Duplicate phone number
- Customer with phone number 70970 ------->Registration Failed -->Duplicate phone number
- Customer with phone number 70971 ------->Registration Failed -->Duplicate phone number
- Customer with phone number 70972 ------->Registration Failed -->Duplicate phone number
- Customer with phone number 70973 ------->Registration Failed -->Duplicate phone number
- Customer with phone number 70974 ------->Registration Failed -->Duplicate phone number
- Customer with phone number 70975 ------->Registration Failed -->Duplicate phone number
- Customer with phone number 70976 ------->Registration Failed -->Duplicate phone number
- Customer with phone number 70977 ------->Registration Failed -->Duplicate phone number
- Customer with phone number 70978 ------->Registration Failed -->Duplicate phone number
- Customer with phone number 70979 ------->Registration Failed -->Duplicate phone number
- Customer with phone number 70980 ------->Registration Failed -->Duplicate phone number
- Customer with phone number 70981 ------->Registration Failed -->Duplicate phone number
- Customer with phone number 70982 ------->Registration Failed -->Duplicate phone number
- Customer with phone number 70983 ------->Registration Failed -->Duplicate phone number
- Customer with phone number 70984 ------->Registration Failed -->Duplicate phone number
- Customer with phone number 70985 ------->Registration Failed -->Duplicate phone number
- Customer with phone number 70986 ------->Registration Failed -->Duplicate phone number
- Customer with phone number 70987 ------->Registration Failed -->Duplicate phone number
- Customer with phone number 70988 ------->Registration Failed -->Duplicate phone number
- Customer with phone number 70989 ------->Registration Failed -->Duplicate phone number
- Customer with phone number 70990 ------->Registration Failed -->Duplicate phone number
- Customer with phone number 70991 ------->Registration Failed -->Duplicate phone number
- Customer with phone number 70992 ------->Registration Failed -->Duplicate phone number
- Customer with phone number 70993 ------->Registration Failed -->Duplicate phone number
- Customer with phone number 70994 ------->Registration Failed -->Duplicate phone number
- Customer with phone number 70995 ------->Registration Failed -->Duplicate phone number
- Customer with phone number 70999 ------->Registration Failed -->Duplicate phone number
- Starting CustomerProcessingApplicationTests on MCKD-TRNG60-46 with PID 3104 (started by comviva in D:\customer\Customer-Data-Processing-and-report-generator-java-config-)
- No active profile set, falling back to default profiles: default
- Started CustomerProcessingApplicationTests in 2.389 seconds (JVM running for 4.415)
- Customer with phone number 70969 ------->Registration Failed -->Duplicate phone number
- Customer with phone number 70968 ------->Registration Failed -->Duplicate phone number
- Customer with phone number 70969 ------->Registration Failed -->Duplicate phone number
- Customer with phone number 70970 ------->Registration Failed -->Duplicate phone number
- Customer with phone number 70971 ------->Registration Failed -->Duplicate phone number
- Customer with phone number 70972 ------->Registration Failed -->Duplicate phone number
- Customer with phone number 70973 ------->Registration Failed -->Duplicate phone number
- Customer with phone number 70974 ------->Registration Failed -->Duplicate phone number
- Customer with phone number 70975 ------->Registration Failed -->Duplicate phone number
- Customer with phone number 70976 ------->Registration Failed -->Duplicate phone number
- Customer with phone number 70977 ------->Registration Failed -->Duplicate phone number
- Customer with phone number 70978 ------->Registration Failed -->Duplicate phone number
- Customer with phone number 70979 ------->Registration Failed -->Duplicate phone number
- Customer with phone number 70980 ------->Registration Failed -->Duplicate phone number
- Customer with phone number 70981 ------->Registration Failed -->Duplicate phone number
- Customer with phone number 70982 ------->Registration Failed -->Duplicate phone number
- Customer with phone number 70983 ------->Registration Failed -->Duplicate phone number
- Customer with phone number 70984 ------->Registration Failed -->Duplicate phone number
- Customer with phone number 70985 ------->Registration Failed -->Duplicate phone number
- Customer with phone number 70986 ------->Registration Failed -->Duplicate phone number
- Customer with phone number 70987 ------->Registration Failed -->Duplicate phone number
- Customer with phone number 70988 ------->Registration Failed -->Duplicate phone number
- Customer with phone number 70989 ------->Registration Failed -->Duplicate phone number
- Customer with phone number 70990 ------->Registration Failed -->Duplicate phone number
- Customer with phone number 70991 ------->Registration Failed -->Duplicate phone number
- Customer with phone number 70992 ------->Registration Failed -->Duplicate phone number
- Customer with phone number 70993 ------->Registration Failed -->Duplicate phone number
- Customer with phone number 70994 ------->Registration Failed -->Duplicate phone number
- Customer with phone number 70995 ------->Registration Failed -->Duplicate phone number
- Customer with phone number 70999 ------->Registration Failed -->Duplicate phone number
- Customer with phone number 70969 ------->Registration Failed -->Duplicate phone number
- Customer with phone number 70968 ------->Registration Failed -->Duplicate phone number
- Customer with phone number 70969 ------->Registration Failed -->Duplicate phone number
- Customer with phone number 70970 ------->Registration Failed -->Duplicate phone number
- Customer with phone number 70971 ------->Registration Failed -->Duplicate phone number
- Customer with phone number 70972 ------->Registration Failed -->Duplicate phone number
- Customer with phone number 70973 ------->Registration Failed -->Duplicate phone number
- Customer with phone number 70974 ------->Registration Failed -->Duplicate phone number
- Customer with phone number 70975 ------->Registration Failed -->Duplicate phone number
- Customer with phone number 70976 ------->Registration Failed -->Duplicate phone number
- Customer with phone number 70977 ------->Registration Failed -->Duplicate phone number
- Customer with phone number 70978 ------->Registration Failed -->Duplicate phone number
- Customer with phone number 70979 ------->Registration Failed -->Duplicate phone number
- Customer with phone number 70980 ------->Registration Failed -->Duplicate phone number
- Customer with phone number 70981 ------->Registration Failed -->Duplicate phone number
- Customer with phone number 70982 ------->Registration Failed -->Duplicate phone number
- Customer with phone number 70983 ------->Registration Failed -->Duplicate phone number
- Customer with phone number 70984 ------->Registration Failed -->Duplicate phone number
- Customer with phone number 70985 ------->Registration Failed -->Duplicate phone number
- Customer with phone number 70986 ------->Registration Failed -->Duplicate phone number
- Customer with phone number 70987 ------->Registration Failed -->Duplicate phone number
- Customer with phone number 70988 ------->Registration Failed -->Duplicate phone number
- Customer with phone number 70989 ------->Registration Failed -->Duplicate phone number
- Customer with phone number 70990 ------->Registration Failed -->Duplicate phone number
- Customer with phone number 70991 ------->Registration Failed -->Duplicate phone number
- Customer with phone number 70992 ------->Registration Failed -->Duplicate phone number
- Customer with phone number 70993 ------->Registration Failed -->Duplicate phone number
- Customer with phone number 70994 ------->Registration Failed -->Duplicate phone number
- Customer with phone number 70995 ------->Registration Failed -->Duplicate phone number
- Customer with phone number 70999 ------->Registration Failed -->Duplicate phone number
- Customer with phone number 70969 ------->Registration Failed -->Duplicate phone number
- Customer with phone number 70968 ------->Registration Failed -->Duplicate phone number
- Customer with phone number 70969 ------->Registration Failed -->Duplicate phone number
- Customer with phone number 70970 ------->Registration Failed -->Duplicate phone number
- Customer with phone number 70971 ------->Registration Failed -->Duplicate phone number
- Customer with phone number 70972 ------->Registration Failed -->Duplicate phone number
- Customer with phone number 70973 ------->Registration Failed -->Duplicate phone number
- Customer with phone number 70974 ------->Registration Failed -->Duplicate phone number
- Customer with phone number 70975 ------->Registration Failed -->Duplicate phone number
- Customer with phone number 70976 ------->Registration Failed -->Duplicate phone number
- Customer with phone number 70977 ------->Registration Failed -->Duplicate phone number
- Customer with phone number 70978 ------->Registration Failed -->Duplicate phone number
- Customer with phone number 70979 ------->Registration Failed -->Duplicate phone number
- Customer with phone number 70980 ------->Registration Failed -->Duplicate phone number
- Customer with phone number 70981 ------->Registration Failed -->Duplicate phone number
- Customer with phone number 70982 ------->Registration Failed -->Duplicate phone number
- Customer with phone number 70983 ------->Registration Failed -->Duplicate phone number
- Customer with phone number 70984 ------->Registration Failed -->Duplicate phone number
- Customer with phone number 70985 ------->Registration Failed -->Duplicate phone number
- Customer with phone number 70986 ------->Registration Failed -->Duplicate phone number
- Customer with phone number 70987 ------->Registration Failed -->Duplicate phone number
- Customer with phone number 70988 ------->Registration Failed -->Duplicate phone number
- Customer with phone number 70989 ------->Registration Failed -->Duplicate phone number
- Customer with phone number 70990 ------->Registration Failed -->Duplicate phone number
- Customer with phone number 70991 ------->Registration Failed -->Duplicate phone number
- Customer with phone number 70992 ------->Registration Failed -->Duplicate phone number
- Customer with phone number 70993 ------->Registration Failed -->Duplicate phone number
- Customer with phone number 70994 ------->Registration Failed -->Duplicate phone number
- Customer with phone number 70995 ------->Registration Failed -->Duplicate phone number
- Customer with phone number 70999 ------->Registration Failed -->Duplicate phone number
- Starting CustomerProcessingApplicationTests on MCKD-TRNG60-46 with PID 8932 (started by comviva in D:\customer\Customer-Data-Processing-and-report-generator-java-config-)
- No active profile set, falling back to default profiles: default
- Started CustomerProcessingApplicationTests in 1.578 seconds (JVM running for 2.633)
- Customer with phone number 70969 ------->Registration Failed -->Duplicate phone number
- Customer with phone number 70968 ------->Registration Failed -->Duplicate phone number
- Customer with phone number  ------->Registration Failed -->Duplicate phone number
- Customer with phone number 70970 ------->Registration Failed -->Duplicate phone number
- Customer with phone number 70971 ------->Registration Failed -->Duplicate phone number
- Customer with phone number 70972 ------->Registration Failed -->Duplicate phone number
- Customer with phone number 70973 ------->Registration Failed -->Duplicate phone number
- Customer with phone number 70974 ------->Registration Failed -->Duplicate phone number
- Customer with phone number 70975 ------->Registration Failed -->Duplicate phone number
- Customer with phone number 70976 ------->Registration Failed -->Duplicate phone number
- Customer with phone number 70977 ------->Registration Failed -->Duplicate phone number
- Customer with phone number 70978 ------->Registration Failed -->Duplicate phone number
- Customer with phone number 70979 ------->Registration Failed -->Duplicate phone number
- Customer with phone number 70980 ------->Registration Failed -->Duplicate phone number
- Customer with phone number 70981 ------->Registration Failed -->Duplicate phone number
- Customer with phone number 70982 ------->Registration Failed -->Duplicate phone number
- Customer with phone number 70983 ------->Registration Failed -->Duplicate phone number
- Customer with phone number 70984 ------->Registration Failed -->Duplicate phone number
- Customer with phone number 70985 ------->Registration Failed -->Duplicate phone number
- Customer with phone number 70986 ------->Registration Failed -->Duplicate phone number
- Customer with phone number 70987 ------->Registration Failed -->Duplicate phone number
- Customer with phone number 70988 ------->Registration Failed -->Duplicate phone number
- Customer with phone number 70989 ------->Registration Failed -->Duplicate phone number
- Customer with phone number 70990 ------->Registration Failed -->Duplicate phone number
- Customer with phone number 70991 ------->Registration Failed -->Duplicate phone number
- Customer with phone number 70992 ------->Registration Failed -->Duplicate phone number
- Customer with phone number 70993 ------->Registration Failed -->Duplicate phone number
- Customer with phone number 70994 ------->Registration Failed -->Duplicate phone number
- Customer with phone number 80995 ------->Registration Status : Success.
- Customer with phone number 80999 ------->Registration Status : Success.
- Customer with phone number 70969 ------->Registration Failed -->Duplicate phone number
- Customer with phone number 70968 ------->Registration Failed -->Duplicate phone number
- Customer with phone number  ------->Registration Failed -->Duplicate phone number
- Customer with phone number 70970 ------->Registration Failed -->Duplicate phone number
- Customer with phone number 70971 ------->Registration Failed -->Duplicate phone number
- Customer with phone number 70972 ------->Registration Failed -->Duplicate phone number
- Customer with phone number 70973 ------->Registration Failed -->Duplicate phone number
- Customer with phone number 70974 ------->Registration Failed -->Duplicate phone number
- Customer with phone number 70975 ------->Registration Failed -->Duplicate phone number
- Customer with phone number 70976 ------->Registration Failed -->Duplicate phone number
- Customer with phone number 70977 ------->Registration Failed -->Duplicate phone number
- Customer with phone number 70978 ------->Registration Failed -->Duplicate phone number
- Customer with phone number 70979 ------->Registration Failed -->Duplicate phone number
- Customer with phone number 70980 ------->Registration Failed -->Duplicate phone number
- Customer with phone number 70981 ------->Registration Failed -->Duplicate phone number
- Customer with phone number 70982 ------->Registration Failed -->Duplicate phone number
- Customer with phone number 70983 ------->Registration Failed -->Duplicate phone number
- Customer with phone number 70984 ------->Registration Failed -->Duplicate phone number
- Customer with phone number 70985 ------->Registration Failed -->Duplicate phone number
- Customer with phone number 70986 ------->Registration Failed -->Duplicate phone number
- Customer with phone number 70987 ------->Registration Failed -->Duplicate phone number
- Customer with phone number 70988 ------->Registration Failed -->Duplicate phone number
- Customer with phone number 70989 ------->Registration Failed -->Duplicate phone number
- Customer with phone number 70990 ------->Registration Failed -->Duplicate phone number
- Customer with phone number 70991 ------->Registration Failed -->Duplicate phone number
- Customer with phone number 70992 ------->Registration Failed -->Duplicate phone number
- Customer with phone number 70993 ------->Registration Failed -->Duplicate phone number
- Customer with phone number 70994 ------->Registration Failed -->Duplicate phone number
- Customer with phone number 80995 ------->Registration Failed -->Duplicate phone number
- Customer with phone number 80999 ------->Registration Failed -->Duplicate phone number
- Customer with phone number 70969 ------->Registration Failed -->Duplicate phone number
- Customer with phone number 70968 ------->Registration Failed -->Duplicate phone number
- Customer with phone number  ------->Registration Failed -->Duplicate phone number
- Customer with phone number 70970 ------->Registration Failed -->Duplicate phone number
- Customer with phone number 70971 ------->Registration Failed -->Duplicate phone number
- Customer with phone number 70972 ------->Registration Failed -->Duplicate phone number
- Customer with phone number 70973 ------->Registration Failed -->Duplicate phone number
- Customer with phone number 70974 ------->Registration Failed -->Duplicate phone number
- Customer with phone number 70975 ------->Registration Failed -->Duplicate phone number
- Customer with phone number 70976 ------->Registration Failed -->Duplicate phone number
- Customer with phone number 70977 ------->Registration Failed -->Duplicate phone number
- Customer with phone number 70978 ------->Registration Failed -->Duplicate phone number
- Customer with phone number 70979 ------->Registration Failed -->Duplicate phone number
- Customer with phone number 70980 ------->Registration Failed -->Duplicate phone number
- Customer with phone number 70981 ------->Registration Failed -->Duplicate phone number
- Customer with phone number 70982 ------->Registration Failed -->Duplicate phone number
- Customer with phone number 70983 ------->Registration Failed -->Duplicate phone number
- Customer with phone number 70984 ------->Registration Failed -->Duplicate phone number
- Customer with phone number 70985 ------->Registration Failed -->Duplicate phone number
- Customer with phone number 70986 ------->Registration Failed -->Duplicate phone number
- Customer with phone number 70987 ------->Registration Failed -->Duplicate phone number
- Customer with phone number 70988 ------->Registration Failed -->Duplicate phone number
- Customer with phone number 70989 ------->Registration Failed -->Duplicate phone number
- Customer with phone number 70990 ------->Registration Failed -->Duplicate phone number
- Customer with phone number 70991 ------->Registration Failed -->Duplicate phone number
- Customer with phone number 70992 ------->Registration Failed -->Duplicate phone number
- Customer with phone number 70993 ------->Registration Failed -->Duplicate phone number
- Customer with phone number 70994 ------->Registration Failed -->Duplicate phone number
- Customer with phone number 80995 ------->Registration Failed -->Duplicate phone number
- Customer with phone number 80999 ------->Registration Failed -->Duplicate phone number
- Starting CustomerProcessingApplicationTests on MCKD-TRNG60-46 with PID 7196 (started by comviva in D:\customer\Customer-Data-Processing-and-report-generator-java-config-)
- No active profile set, falling back to default profiles: default
- Started CustomerProcessingApplicationTests in 2.437 seconds (JVM running for 4.543)
- Customer with phone number 70969 ------->Registration Failed -->Duplicate phone number
- Customer with phone number 70968 ------->Registration Failed -->Duplicate phone number
- Customer with phone number  ------->Registration Failed -->Duplicate phone number
- Customer with phone number 70970 ------->Registration Failed -->Duplicate phone number
- Customer with phone number 70971 ------->Registration Failed -->Duplicate phone number
- Customer with phone number 70972 ------->Registration Failed -->Duplicate phone number
- Customer with phone number 70973 ------->Registration Failed -->Duplicate phone number
- Customer with phone number 70974 ------->Registration Failed -->Duplicate phone number
- Customer with phone number 70975 ------->Registration Failed -->Duplicate phone number
- Customer with phone number 70976 ------->Registration Failed -->Duplicate phone number
- Customer with phone number 70977 ------->Registration Failed -->Duplicate phone number
- Customer with phone number 70978 ------->Registration Failed -->Duplicate phone number
- Customer with phone number 70979 ------->Registration Failed -->Duplicate phone number
- Customer with phone number 70980 ------->Registration Failed -->Duplicate phone number
- Customer with phone number 70981 ------->Registration Failed -->Duplicate phone number
- Customer with phone number 70982 ------->Registration Failed -->Duplicate phone number
- Customer with phone number 70983 ------->Registration Failed -->Duplicate phone number
- Customer with phone number 70984 ------->Registration Failed -->Duplicate phone number
- Customer with phone number 70985 ------->Registration Failed -->Duplicate phone number
- Customer with phone number 70986 ------->Registration Failed -->Duplicate phone number
- Customer with phone number 70987 ------->Registration Failed -->Duplicate phone number
- Customer with phone number 70988 ------->Registration Failed -->Duplicate phone number
- Customer with phone number 70989 ------->Registration Failed -->Duplicate phone number
- Customer with phone number 70990 ------->Registration Failed -->Duplicate phone number
- Customer with phone number 70991 ------->Registration Failed -->Duplicate phone number
- Customer with phone number 70992 ------->Registration Failed -->Duplicate phone number
- Customer with phone number 70993 ------->Registration Failed -->Duplicate phone number
- Customer with phone number 70994 ------->Registration Failed -->Duplicate phone number
- Customer with phone number 90995 ------->Registration Status : Success.
- Customer with phone number 90999 ------->Registration Status : Success.
- Customer with phone number 70969 ------->Registration Failed -->Duplicate phone number
- Customer with phone number 70968 ------->Registration Failed -->Duplicate phone number
- Customer with phone number  ------->Registration Failed -->Duplicate phone number
- Customer with phone number 70970 ------->Registration Failed -->Duplicate phone number
- Customer with phone number 70971 ------->Registration Failed -->Duplicate phone number
- Customer with phone number 70972 ------->Registration Failed -->Duplicate phone number
- Customer with phone number 70973 ------->Registration Failed -->Duplicate phone number
- Customer with phone number 70974 ------->Registration Failed -->Duplicate phone number
- Customer with phone number 70975 ------->Registration Failed -->Duplicate phone number
- Customer with phone number 70976 ------->Registration Failed -->Duplicate phone number
- Customer with phone number 70977 ------->Registration Failed -->Duplicate phone number
- Customer with phone number 70978 ------->Registration Failed -->Duplicate phone number
- Customer with phone number 70979 ------->Registration Failed -->Duplicate phone number
- Customer with phone number 70980 ------->Registration Failed -->Duplicate phone number
- Customer with phone number 70981 ------->Registration Failed -->Duplicate phone number
- Customer with phone number 70982 ------->Registration Failed -->Duplicate phone number
- Customer with phone number 70983 ------->Registration Failed -->Duplicate phone number
- Customer with phone number 70984 ------->Registration Failed -->Duplicate phone number
- Customer with phone number 70985 ------->Registration Failed -->Duplicate phone number
- Customer with phone number 70986 ------->Registration Failed -->Duplicate phone number
- Customer with phone number 70987 ------->Registration Failed -->Duplicate phone number
- Customer with phone number 70988 ------->Registration Failed -->Duplicate phone number
- Customer with phone number 70989 ------->Registration Failed -->Duplicate phone number
- Customer with phone number 70990 ------->Registration Failed -->Duplicate phone number
- Customer with phone number 70991 ------->Registration Failed -->Duplicate phone number
- Customer with phone number 70992 ------->Registration Failed -->Duplicate phone number
- Customer with phone number 70993 ------->Registration Failed -->Duplicate phone number
- Customer with phone number 70994 ------->Registration Failed -->Duplicate phone number
- Customer with phone number 90995 ------->Registration Failed -->Duplicate phone number
- Customer with phone number 90999 ------->Registration Failed -->Duplicate phone number
- Customer with phone number 70969 ------->Registration Failed -->Duplicate phone number
- Customer with phone number 70968 ------->Registration Failed -->Duplicate phone number
- Customer with phone number  ------->Registration Failed -->Duplicate phone number
- Customer with phone number 70970 ------->Registration Failed -->Duplicate phone number
- Customer with phone number 70971 ------->Registration Failed -->Duplicate phone number
- Customer with phone number 70972 ------->Registration Failed -->Duplicate phone number
- Customer with phone number 70973 ------->Registration Failed -->Duplicate phone number
- Customer with phone number 70974 ------->Registration Failed -->Duplicate phone number
- Customer with phone number 70975 ------->Registration Failed -->Duplicate phone number
- Customer with phone number 70976 ------->Registration Failed -->Duplicate phone number
- Customer with phone number 70977 ------->Registration Failed -->Duplicate phone number
- Customer with phone number 70978 ------->Registration Failed -->Duplicate phone number
- Customer with phone number 70979 ------->Registration Failed -->Duplicate phone number
- Customer with phone number 70980 ------->Registration Failed -->Duplicate phone number
- Customer with phone number 70981 ------->Registration Failed -->Duplicate phone number
- Customer with phone number 70982 ------->Registration Failed -->Duplicate phone number
- Customer with phone number 70983 ------->Registration Failed -->Duplicate phone number
- Customer with phone number 70984 ------->Registration Failed -->Duplicate phone number
- Customer with phone number 70985 ------->Registration Failed -->Duplicate phone number
- Customer with phone number 70986 ------->Registration Failed -->Duplicate phone number
- Customer with phone number 70987 ------->Registration Failed -->Duplicate phone number
- Customer with phone number 70988 ------->Registration Failed -->Duplicate phone number
- Customer with phone number 70989 ------->Registration Failed -->Duplicate phone number
- Customer with phone number 70990 ------->Registration Failed -->Duplicate phone number
- Customer with phone number 70991 ------->Registration Failed -->Duplicate phone number
- Customer with phone number 70992 ------->Registration Failed -->Duplicate phone number
- Customer with phone number 70993 ------->Registration Failed -->Duplicate phone number
- Customer with phone number 70994 ------->Registration Failed -->Duplicate phone number
- Customer with phone number 90995 ------->Registration Failed -->Duplicate phone number
- Customer with phone number 90999 ------->Registration Failed -->Duplicate phone number
- Starting CustomerProcessingApplicationTests on MCKD-TRNG60-46 with PID 13672 (started by comviva in D:\customer\Customer-Data-Processing-and-report-generator-java-config-)
- No active profile set, falling back to default profiles: default
- Started CustomerProcessingApplicationTests in 2.276 seconds (JVM running for 4.267)
- Customer with phone number 80969 ------->Registration Failed -->First Name field is empty.
- Customer with phone number 80968 ------->Registration Status : Success.
- Customer with phone number  ------->Registration Failed -->Duplicate phone number
- Customer with phone number 80970 ------->Registration Status : Success.
- Customer with phone number  ------->Registration Failed -->Address field is empty.
- Customer with phone number 80972 ------->Registration Status : Success.
- Customer with phone number  ------->Registration Failed -->City field is empty.
- Customer with phone number 80974 ------->Registration Status : Success.
- Customer with phone number 80975 ------->Registration Status : Success.
- Customer with phone number 80976 ------->Registration Status : Success.
- Customer with phone number 80977 ------->Registration Status : Success.
- Customer with phone number 80978 ------->Registration Status : Success.
- Customer with phone number 80979 ------->Registration Status : Success.
- Customer with phone number 80980 ------->Registration Status : Success.
- Customer with phone number 80981 ------->Registration Status : Success.
- Customer with phone number 80982 ------->Registration Status : Success.
- Customer with phone number 80983 ------->Registration Status : Success.
- Customer with phone number 80984 ------->Registration Status : Success.
- Customer with phone number 80985 ------->Registration Status : Success.
- Customer with phone number 80986 ------->Registration Status : Success.
- Customer with phone number 80987 ------->Registration Status : Success.
- Customer with phone number 80988 ------->Registration Status : Success.
- Customer with phone number 80989 ------->Registration Status : Success.
- Customer with phone number 80990 ------->Registration Status : Success.
- Customer with phone number 80991 ------->Registration Status : Success.
- Customer with phone number 80992 ------->Registration Status : Success.
- Customer with phone number 80993 ------->Registration Status : Success.
- Customer with phone number 80994 ------->Registration Status : Success.
- Customer with phone number 909951 ------->Registration Status : Success.
- Customer with phone number 909991 ------->Registration Status : Success.
- Customer with phone number 80969 ------->Registration Failed -->First Name field is empty.
- Customer with phone number 80968 ------->Registration Failed -->Duplicate phone number
- Customer with phone number  ------->Registration Failed -->Duplicate phone number
- Customer with phone number 80970 ------->Registration Failed -->Duplicate phone number
- Customer with phone number  ------->Registration Failed -->Address field is empty.
- Customer with phone number 80972 ------->Registration Failed -->Duplicate phone number
- Customer with phone number  ------->Registration Failed -->City field is empty.
- Customer with phone number 80974 ------->Registration Failed -->Duplicate phone number
- Customer with phone number 80975 ------->Registration Failed -->Duplicate phone number
- Customer with phone number 80976 ------->Registration Failed -->Duplicate phone number
- Customer with phone number 80977 ------->Registration Failed -->Duplicate phone number
- Customer with phone number 80978 ------->Registration Failed -->Duplicate phone number
- Customer with phone number 80979 ------->Registration Failed -->Duplicate phone number
- Customer with phone number 80980 ------->Registration Failed -->Duplicate phone number
- Customer with phone number 80981 ------->Registration Failed -->Duplicate phone number
- Customer with phone number 80982 ------->Registration Failed -->Duplicate phone number
- Customer with phone number 80983 ------->Registration Failed -->Duplicate phone number
- Customer with phone number 80984 ------->Registration Failed -->Duplicate phone number
- Customer with phone number 80985 ------->Registration Failed -->Duplicate phone number
- Customer with phone number 80986 ------->Registration Failed -->Duplicate phone number
- Customer with phone number 80987 ------->Registration Failed -->Duplicate phone number
- Customer with phone number 80988 ------->Registration Failed -->Duplicate phone number
- Customer with phone number 80989 ------->Registration Failed -->Duplicate phone number
- Customer with phone number 80990 ------->Registration Failed -->Duplicate phone number
- Customer with phone number 80991 ------->Registration Failed -->Duplicate phone number
- Customer with phone number 80992 ------->Registration Failed -->Duplicate phone number
- Customer with phone number 80993 ------->Registration Failed -->Duplicate phone number
- Customer with phone number 80994 ------->Registration Failed -->Duplicate phone number
- Customer with phone number 909951 ------->Registration Failed -->Duplicate phone number
- Customer with phone number 909991 ------->Registration Failed -->Duplicate phone number
- Customer with phone number 80969 ------->Registration Failed -->First Name field is empty.
- Customer with phone number 80968 ------->Registration Failed -->Duplicate phone number
- Customer with phone number  ------->Registration Failed -->Duplicate phone number
- Customer with phone number 80970 ------->Registration Failed -->Duplicate phone number
- Customer with phone number  ------->Registration Failed -->Address field is empty.
- Customer with phone number 80972 ------->Registration Failed -->Duplicate phone number
- Customer with phone number  ------->Registration Failed -->City field is empty.
- Customer with phone number 80974 ------->Registration Failed -->Duplicate phone number
- Customer with phone number 80975 ------->Registration Failed -->Duplicate phone number
- Customer with phone number 80976 ------->Registration Failed -->Duplicate phone number
- Customer with phone number 80977 ------->Registration Failed -->Duplicate phone number
- Customer with phone number 80978 ------->Registration Failed -->Duplicate phone number
- Customer with phone number 80979 ------->Registration Failed -->Duplicate phone number
- Customer with phone number 80980 ------->Registration Failed -->Duplicate phone number
- Customer with phone number 80981 ------->Registration Failed -->Duplicate phone number
- Customer with phone number 80982 ------->Registration Failed -->Duplicate phone number
- Customer with phone number 80983 ------->Registration Failed -->Duplicate phone number
- Customer with phone number 80984 ------->Registration Failed -->Duplicate phone number
- Customer with phone number 80985 ------->Registration Failed -->Duplicate phone number
- Customer with phone number 80986 ------->Registration Failed -->Duplicate phone number
- Customer with phone number 80987 ------->Registration Failed -->Duplicate phone number
- Customer with phone number 80988 ------->Registration Failed -->Duplicate phone number
- Customer with phone number 80989 ------->Registration Failed -->Duplicate phone number
- Customer with phone number 80990 ------->Registration Failed -->Duplicate phone number
- Customer with phone number 80991 ------->Registration Failed -->Duplicate phone number
- Customer with phone number 80992 ------->Registration Failed -->Duplicate phone number
- Customer with phone number 80993 ------->Registration Failed -->Duplicate phone number
- Customer with phone number 80994 ------->Registration Failed -->Duplicate phone number
- Customer with phone number 909951 ------->Registration Failed -->Duplicate phone number
- Customer with phone number 909991 ------->Registration Failed -->Duplicate phone number
- Starting CustomerProcessingApplication on MCKD-TRNG60-46 with PID 13204 (D:\customer\Customer-Data-Processing-and-report-generator-java-config-\target\classes started by comviva in D:\customer\Customer-Data-Processing-and-report-generator-java-config-)
- No active profile set, falling back to default profiles: default
- Started CustomerProcessingApplication in 1.873 seconds (JVM running for 2.354)
- Customer with phone number 80969 ------->Registration Failed -->First Name field is empty.
- Customer with phone number 80968 ------->Registration Failed -->Duplicate phone number
- Customer with phone number  ------->Registration Failed -->Duplicate phone number
- Customer with phone number 80970 ------->Registration Failed -->Duplicate phone number
- Customer with phone number  ------->Registration Failed -->Address field is empty.
- Customer with phone number 80972 ------->Registration Failed -->Duplicate phone number
- Customer with phone number  ------->Registration Failed -->City field is empty.
- Customer with phone number 80974 ------->Registration Failed -->Duplicate phone number
- Customer with phone number 80975 ------->Registration Failed -->Duplicate phone number
- Customer with phone number 80976 ------->Registration Failed -->Duplicate phone number
- Customer with phone number 80977 ------->Registration Failed -->Duplicate phone number
- Customer with phone number 80978 ------->Registration Failed -->Duplicate phone number
- Customer with phone number 80979 ------->Registration Failed -->Duplicate phone number
- Customer with phone number 80980 ------->Registration Failed -->Duplicate phone number
- Customer with phone number 80981 ------->Registration Failed -->Duplicate phone number
- Customer with phone number 80982 ------->Registration Failed -->Duplicate phone number
- Customer with phone number 80983 ------->Registration Failed -->Duplicate phone number
- Customer with phone number 80984 ------->Registration Failed -->Duplicate phone number
- Customer with phone number 80985 ------->Registration Failed -->Duplicate phone number
- Customer with phone number 80986 ------->Registration Failed -->Duplicate phone number
- Customer with phone number 80987 ------->Registration Failed -->Duplicate phone number
- Customer with phone number 80988 ------->Registration Failed -->Duplicate phone number
- Customer with phone number 80989 ------->Registration Failed -->Duplicate phone number
- Customer with phone number 80990 ------->Registration Failed -->Duplicate phone number
- Customer with phone number 80991 ------->Registration Failed -->Duplicate phone number
- Customer with phone number 80992 ------->Registration Failed -->Duplicate phone number
- Customer with phone number 80993 ------->Registration Failed -->Duplicate phone number
- Customer with phone number 80994 ------->Registration Failed -->Duplicate phone number
- Customer with phone number 909951 ------->Registration Failed -->Duplicate phone number
- Customer with phone number 909991 ------->Registration Failed -->Duplicate phone number
- Job Execution Completed
- Starting CustomerProcessingApplication on MCKD-TRNG60-46 with PID 11736 (D:\customer\Customer-Data-Processing-and-report-generator-java-config-\target\classes started by comviva in D:\customer\Customer-Data-Processing-and-report-generator-java-config-)
- No active profile set, falling back to default profiles: default
- Started CustomerProcessingApplication in 3.743 seconds (JVM running for 4.682)
- Customer with phone number 80969 ------->Registration Failed -->First Name field is empty.
- Customer with phone number 80968 ------->Registration Failed -->Duplicate phone number
- Customer with phone number  ------->Registration Failed -->Duplicate phone number
- Customer with phone number 80970 ------->Registration Failed -->Duplicate phone number
- Customer with phone number  ------->Registration Failed -->Address field is empty.
- Customer with phone number 80972 ------->Registration Failed -->Duplicate phone number
- Customer with phone number  ------->Registration Failed -->City field is empty.
- Customer with phone number 80974 ------->Registration Failed -->Duplicate phone number
- Customer with phone number 80975 ------->Registration Failed -->Duplicate phone number
- Customer with phone number 80976 ------->Registration Failed -->Duplicate phone number
- Customer with phone number 80977 ------->Registration Failed -->Duplicate phone number
- Customer with phone number 80978 ------->Registration Failed -->Duplicate phone number
- Customer with phone number 80979 ------->Registration Failed -->Duplicate phone number
- Customer with phone number 80980 ------->Registration Failed -->Duplicate phone number
- Customer with phone number 80981 ------->Registration Failed -->Duplicate phone number
- Customer with phone number 80982 ------->Registration Failed -->Duplicate phone number
- Customer with phone number 80983 ------->Registration Failed -->Duplicate phone number
- Customer with phone number 80984 ------->Registration Failed -->Duplicate phone number
- Customer with phone number 80985 ------->Registration Failed -->Duplicate phone number
- Customer with phone number 80986 ------->Registration Failed -->Duplicate phone number
- Customer with phone number 80987 ------->Registration Failed -->Duplicate phone number
- Customer with phone number 80988 ------->Registration Failed -->Duplicate phone number
- Customer with phone number 80989 ------->Registration Failed -->Duplicate phone number
- Customer with phone number 80990 ------->Registration Failed -->Duplicate phone number
- Customer with phone number 80991 ------->Registration Failed -->Duplicate phone number
- Customer with phone number 80992 ------->Registration Failed -->Duplicate phone number
- Customer with phone number 80993 ------->Registration Failed -->Duplicate phone number
- Customer with phone number 80994 ------->Registration Failed -->Duplicate phone number
- Customer with phone number 909951 ------->Registration Failed -->Duplicate phone number
- Customer with phone number 909991 ------->Registration Failed -->Duplicate phone number
- Job Execution Completed
- Starting CustomerProcessingApplication on MCKD-TRNG60-46 with PID 8564 (D:\customer\Customer-Data-Processing-and-report-generator-java-config-\target\classes started by comviva in D:\customer\Customer-Data-Processing-and-report-generator-java-config-)
- No active profile set, falling back to default profiles: default
- Started CustomerProcessingApplication in 1.517 seconds (JVM running for 1.98)
- Customer with phone number 80969 ------->Registration Failed -->First Name field is empty.
- Customer with phone number 80968 ------->Registration Failed -->Duplicate phone number
- Customer with phone number  ------->Registration Failed -->Duplicate phone number
- Customer with phone number 80970 ------->Registration Failed -->Duplicate phone number
- Customer with phone number  ------->Registration Failed -->Address field is empty.
- Customer with phone number 80972 ------->Registration Failed -->Duplicate phone number
- Customer with phone number  ------->Registration Failed -->City field is empty.
- Customer with phone number 80974 ------->Registration Failed -->Duplicate phone number
- Customer with phone number 80975 ------->Registration Failed -->Duplicate phone number
- Customer with phone number 80976 ------->Registration Failed -->Duplicate phone number
- Customer with phone number 80977 ------->Registration Failed -->Duplicate phone number
- Customer with phone number 80978 ------->Registration Failed -->Duplicate phone number
- Customer with phone number 80979 ------->Registration Failed -->Duplicate phone number
- Customer with phone number 80980 ------->Registration Failed -->Duplicate phone number
- Customer with phone number 80981 ------->Registration Failed -->Duplicate phone number
- Customer with phone number 80982 ------->Registration Failed -->Duplicate phone number
- Customer with phone number 80983 ------->Registration Failed -->Duplicate phone number
- Customer with phone number 80984 ------->Registration Failed -->Duplicate phone number
- Customer with phone number 80985 ------->Registration Failed -->Duplicate phone number
- Customer with phone number 80986 ------->Registration Failed -->Duplicate phone number
- Customer with phone number 80987 ------->Registration Failed -->Duplicate phone number
- Customer with phone number 80988 ------->Registration Failed -->Duplicate phone number
- Customer with phone number 80989 ------->Registration Failed -->Duplicate phone number
- Customer with phone number 80990 ------->Registration Failed -->Duplicate phone number
- Customer with phone number 80991 ------->Registration Failed -->Duplicate phone number
- Customer with phone number 80992 ------->Registration Failed -->Duplicate phone number
- Customer with phone number 80993 ------->Registration Failed -->Duplicate phone number
- Customer with phone number 80994 ------->Registration Failed -->Duplicate phone number
- Customer with phone number 909951 ------->Registration Failed -->Duplicate phone number
- Customer with phone number 909991 ------->Registration Failed -->Duplicate phone number
- Job Execution Completed
- Starting CustomerProcessingApplication on MCKD-TRNG60-46 with PID 13988 (D:\customer\Customer-Data-Processing-and-report-generator-java-config-\target\classes started by comviva in D:\customer\Customer-Data-Processing-and-report-generator-java-config-)
- No active profile set, falling back to default profiles: default
- Started CustomerProcessingApplication in 1.561 seconds (JVM running for 2.044)
- Customer with phone number 80969 ------->Registration Failed -->First Name field is empty.
- Customer with phone number 80968 ------->Registration Failed -->Duplicate phone number
- Customer with phone number  ------->Registration Failed -->Duplicate phone number
- Customer with phone number 80970 ------->Registration Failed -->Duplicate phone number
- Customer with phone number  ------->Registration Failed -->Address field is empty.
- Customer with phone number 80972 ------->Registration Failed -->Duplicate phone number
- Customer with phone number  ------->Registration Failed -->City field is empty.
- Customer with phone number 80974 ------->Registration Failed -->Duplicate phone number
- Customer with phone number 80975 ------->Registration Failed -->Duplicate phone number
- Customer with phone number 80976 ------->Registration Failed -->Duplicate phone number
- Customer with phone number 80977 ------->Registration Failed -->Duplicate phone number
- Customer with phone number 80978 ------->Registration Failed -->Duplicate phone number
- Customer with phone number 80979 ------->Registration Failed -->Duplicate phone number
- Customer with phone number 80980 ------->Registration Failed -->Duplicate phone number
- Customer with phone number 80981 ------->Registration Failed -->Duplicate phone number
- Customer with phone number 80982 ------->Registration Failed -->Duplicate phone number
- Customer with phone number 80983 ------->Registration Failed -->Duplicate phone number
- Customer with phone number 80984 ------->Registration Failed -->Duplicate phone number
- Customer with phone number 80985 ------->Registration Failed -->Duplicate phone number
- Customer with phone number 80986 ------->Registration Failed -->Duplicate phone number
- Customer with phone number 80987 ------->Registration Failed -->Duplicate phone number
- Customer with phone number 80988 ------->Registration Failed -->Duplicate phone number
- Customer with phone number 80989 ------->Registration Failed -->Duplicate phone number
- Customer with phone number 80990 ------->Registration Failed -->Duplicate phone number
- Customer with phone number 80991 ------->Registration Failed -->Duplicate phone number
- Customer with phone number 80992 ------->Registration Failed -->Duplicate phone number
- Customer with phone number 80993 ------->Registration Failed -->Duplicate phone number
- Customer with phone number 80994 ------->Registration Failed -->Duplicate phone number
- Customer with phone number 909951 ------->Registration Failed -->Duplicate phone number
- Customer with phone number 909991 ------->Registration Failed -->Duplicate phone number
- Job Execution Completed
- Starting CustomerProcessingApplication on MCKD-TRNG60-46 with PID 13816 (D:\customer\Customer-Data-Processing-and-report-generator-java-config-\target\classes started by comviva in D:\customer\Customer-Data-Processing-and-report-generator-java-config-)
- No active profile set, falling back to default profiles: default
- Started CustomerProcessingApplication in 1.611 seconds (JVM running for 2.11)
- Customer with phone number 80969 ------->Registration Failed -->First Name field is empty.
- Customer with phone number 80968 ------->Registration Failed -->Duplicate phone number
- Customer with phone number  ------->Registration Failed -->Duplicate phone number
- Customer with phone number 80970 ------->Registration Failed -->Duplicate phone number
- Customer with phone number  ------->Registration Failed -->Address field is empty.
- Customer with phone number 80972 ------->Registration Failed -->Duplicate phone number
- Customer with phone number  ------->Registration Failed -->City field is empty.
- Customer with phone number 80974 ------->Registration Failed -->Duplicate phone number
- Customer with phone number 80975 ------->Registration Failed -->Duplicate phone number
- Customer with phone number 80976 ------->Registration Failed -->Duplicate phone number
- Customer with phone number 80977 ------->Registration Failed -->Duplicate phone number
- Customer with phone number 80978 ------->Registration Failed -->Duplicate phone number
- Customer with phone number 80979 ------->Registration Failed -->Duplicate phone number
- Customer with phone number 80980 ------->Registration Failed -->Duplicate phone number
- Customer with phone number 80981 ------->Registration Failed -->Duplicate phone number
- Customer with phone number 80982 ------->Registration Failed -->Duplicate phone number
- Customer with phone number 80983 ------->Registration Failed -->Duplicate phone number
- Customer with phone number 80984 ------->Registration Failed -->Duplicate phone number
- Customer with phone number 80985 ------->Registration Failed -->Duplicate phone number
- Customer with phone number 80986 ------->Registration Failed -->Duplicate phone number
- Customer with phone number 80987 ------->Registration Failed -->Duplicate phone number
- Customer with phone number 80988 ------->Registration Failed -->Duplicate phone number
- Customer with phone number 80989 ------->Registration Failed -->Duplicate phone number
- Customer with phone number 80990 ------->Registration Failed -->Duplicate phone number
- Customer with phone number 80991 ------->Registration Failed -->Duplicate phone number
- Customer with phone number 80992 ------->Registration Failed -->Duplicate phone number
- Customer with phone number 80993 ------->Registration Failed -->Duplicate phone number
- Customer with phone number 80994 ------->Registration Failed -->Duplicate phone number
- Customer with phone number 909951 ------->Registration Failed -->Duplicate phone number
- Customer with phone number 909991 ------->Registration Failed -->Duplicate phone number
- Job Execution Completed
- Starting CustomerProcessingApplicationTests on MCKD-TRNG60-46 with PID 2528 (started by comviva in D:\customer\Customer-Data-Processing-and-report-generator-java-config-)
- No active profile set, falling back to default profiles: default
- Started CustomerProcessingApplicationTests in 2.295 seconds (JVM running for 4.313)
- Customer with phone number 80969 ------->Registration Failed -->First Name field is empty.
- Customer with phone number 80968 ------->Registration Failed -->Duplicate phone number
- Customer with phone number  ------->Registration Failed -->Duplicate phone number
- Customer with phone number 80970 ------->Registration Failed -->Duplicate phone number
- Customer with phone number  ------->Registration Failed -->Address field is empty.
- Customer with phone number 80972 ------->Registration Failed -->Duplicate phone number
- Customer with phone number  ------->Registration Failed -->City field is empty.
- Customer with phone number 80974 ------->Registration Failed -->Duplicate phone number
- Customer with phone number 80975 ------->Registration Failed -->Duplicate phone number
- Customer with phone number 80976 ------->Registration Failed -->Duplicate phone number
- Customer with phone number 80977 ------->Registration Failed -->Duplicate phone number
- Customer with phone number 80978 ------->Registration Failed -->Duplicate phone number
- Customer with phone number 80979 ------->Registration Failed -->Duplicate phone number
- Customer with phone number 80980 ------->Registration Failed -->Duplicate phone number
- Customer with phone number 80981 ------->Registration Failed -->Duplicate phone number
- Customer with phone number 80982 ------->Registration Failed -->Duplicate phone number
- Customer with phone number 80983 ------->Registration Failed -->Duplicate phone number
- Customer with phone number 80984 ------->Registration Failed -->Duplicate phone number
- Customer with phone number 80985 ------->Registration Failed -->Duplicate phone number
- Customer with phone number 80986 ------->Registration Failed -->Duplicate phone number
- Customer with phone number 80987 ------->Registration Failed -->Duplicate phone number
- Customer with phone number 80988 ------->Registration Failed -->Duplicate phone number
- Customer with phone number 80989 ------->Registration Failed -->Duplicate phone number
- Customer with phone number 80990 ------->Registration Failed -->Duplicate phone number
- Customer with phone number 80991 ------->Registration Failed -->Duplicate phone number
- Customer with phone number 80992 ------->Registration Failed -->Duplicate phone number
- Customer with phone number 80993 ------->Registration Failed -->Duplicate phone number
- Customer with phone number 80994 ------->Registration Failed -->Duplicate phone number
- Customer with phone number 909951 ------->Registration Failed -->Duplicate phone number
- Customer with phone number 909991 ------->Registration Failed -->Duplicate phone number
- Job Execution Completed
- Customer with phone number 80969 ------->Registration Failed -->First Name field is empty.
- Customer with phone number 80968 ------->Registration Failed -->Duplicate phone number
- Customer with phone number  ------->Registration Failed -->Duplicate phone number
- Customer with phone number 80970 ------->Registration Failed -->Duplicate phone number
- Customer with phone number  ------->Registration Failed -->Address field is empty.
- Customer with phone number 80972 ------->Registration Failed -->Duplicate phone number
- Customer with phone number  ------->Registration Failed -->City field is empty.
- Customer with phone number 80974 ------->Registration Failed -->Duplicate phone number
- Customer with phone number 80975 ------->Registration Failed -->Duplicate phone number
- Customer with phone number 80976 ------->Registration Failed -->Duplicate phone number
- Customer with phone number 80977 ------->Registration Failed -->Duplicate phone number
- Customer with phone number 80978 ------->Registration Failed -->Duplicate phone number
- Customer with phone number 80979 ------->Registration Failed -->Duplicate phone number
- Customer with phone number 80980 ------->Registration Failed -->Duplicate phone number
- Customer with phone number 80981 ------->Registration Failed -->Duplicate phone number
- Customer with phone number 80982 ------->Registration Failed -->Duplicate phone number
- Customer with phone number 80983 ------->Registration Failed -->Duplicate phone number
- Customer with phone number 80984 ------->Registration Failed -->Duplicate phone number
- Customer with phone number 80985 ------->Registration Failed -->Duplicate phone number
- Customer with phone number 80986 ------->Registration Failed -->Duplicate phone number
- Customer with phone number 80987 ------->Registration Failed -->Duplicate phone number
- Customer with phone number 80988 ------->Registration Failed -->Duplicate phone number
- Customer with phone number 80989 ------->Registration Failed -->Duplicate phone number
- Customer with phone number 80990 ------->Registration Failed -->Duplicate phone number
- Customer with phone number 80991 ------->Registration Failed -->Duplicate phone number
- Customer with phone number 80992 ------->Registration Failed -->Duplicate phone number
- Customer with phone number 80993 ------->Registration Failed -->Duplicate phone number
- Customer with phone number 80994 ------->Registration Failed -->Duplicate phone number
- Customer with phone number 909951 ------->Registration Failed -->Duplicate phone number
- Customer with phone number 909991 ------->Registration Failed -->Duplicate phone number
- Job Execution Completed
- Starting CustomerProcessingApplication on MCKD-TRNG60-46 with PID 2684 (D:\customer\Customer-Data-Processing-and-report-generator-java-config-\target\classes started by comviva in D:\customer\Customer-Data-Processing-and-report-generator-java-config-)
- No active profile set, falling back to default profiles: default
- Started CustomerProcessingApplication in 1.456 seconds (JVM running for 1.957)
- Customer with phone number 80969 ------->Registration Failed -->First Name field is empty.
- Customer with phone number 80968 ------->Registration Failed -->Duplicate phone number
- Customer with phone number  ------->Registration Failed -->Duplicate phone number
- Customer with phone number 80970 ------->Registration Failed -->Duplicate phone number
- Customer with phone number  ------->Registration Failed -->Address field is empty.
- Customer with phone number 80972 ------->Registration Failed -->Duplicate phone number
- Customer with phone number  ------->Registration Failed -->City field is empty.
- Customer with phone number 80974 ------->Registration Failed -->Duplicate phone number
- Customer with phone number 80975 ------->Registration Failed -->Duplicate phone number
- Customer with phone number 80976 ------->Registration Failed -->Duplicate phone number
- Customer with phone number 80977 ------->Registration Failed -->Duplicate phone number
- Customer with phone number 80978 ------->Registration Failed -->Duplicate phone number
- Customer with phone number 80979 ------->Registration Failed -->Duplicate phone number
- Customer with phone number 80980 ------->Registration Failed -->Duplicate phone number
- Customer with phone number 80981 ------->Registration Failed -->Duplicate phone number
- Customer with phone number 80982 ------->Registration Failed -->Duplicate phone number
- Customer with phone number 80983 ------->Registration Failed -->Duplicate phone number
- Customer with phone number 80984 ------->Registration Failed -->Duplicate phone number
- Customer with phone number 80985 ------->Registration Failed -->Duplicate phone number
- Customer with phone number 80986 ------->Registration Failed -->Duplicate phone number
- Customer with phone number 80987 ------->Registration Failed -->Duplicate phone number
- Customer with phone number 80988 ------->Registration Failed -->Duplicate phone number
- Customer with phone number 80989 ------->Registration Failed -->Duplicate phone number
- Customer with phone number 80990 ------->Registration Failed -->Duplicate phone number
- Customer with phone number 80991 ------->Registration Failed -->Duplicate phone number
- Customer with phone number 80992 ------->Registration Failed -->Duplicate phone number
- Customer with phone number 80993 ------->Registration Failed -->Duplicate phone number
- Customer with phone number 80994 ------->Registration Failed -->Duplicate phone number
- Customer with phone number 909951 ------->Registration Failed -->Duplicate phone number
- Customer with phone number 909991 ------->Registration Failed -->Duplicate phone number
- Job Execution Completed
- Starting CustomerProcessingApplicationTests on MCKD-TRNG60-46 with PID 11864 (started by comviva in D:\customer\Customer-Data-Processing-and-report-generator-java-config-)
- No active profile set, falling back to default profiles: default
- Started CustomerProcessingApplicationTests in 3.024 seconds (JVM running for 5.176)
- Customer with phone number 80969 ------->Registration Failed -->First Name field is empty.
- Customer with phone number 80968 ------->Registration Failed -->Duplicate phone number
- Customer with phone number  ------->Registration Failed -->Duplicate phone number
- Customer with phone number 80970 ------->Registration Failed -->Duplicate phone number
- Customer with phone number  ------->Registration Failed -->Address field is empty.
- Customer with phone number 80972 ------->Registration Failed -->Duplicate phone number
- Customer with phone number  ------->Registration Failed -->City field is empty.
- Customer with phone number 80974 ------->Registration Failed -->Duplicate phone number
- Customer with phone number 80975 ------->Registration Failed -->Duplicate phone number
- Customer with phone number 80976 ------->Registration Failed -->Duplicate phone number
- Customer with phone number 80977 ------->Registration Failed -->Duplicate phone number
- Customer with phone number 80978 ------->Registration Failed -->Duplicate phone number
- Customer with phone number 80979 ------->Registration Failed -->Duplicate phone number
- Customer with phone number 80980 ------->Registration Failed -->Duplicate phone number
- Customer with phone number 80981 ------->Registration Failed -->Duplicate phone number
- Customer with phone number 80982 ------->Registration Failed -->Duplicate phone number
- Customer with phone number 80983 ------->Registration Failed -->Duplicate phone number
- Customer with phone number 80984 ------->Registration Failed -->Duplicate phone number
- Customer with phone number 80985 ------->Registration Failed -->Duplicate phone number
- Customer with phone number 80986 ------->Registration Failed -->Duplicate phone number
- Customer with phone number 80987 ------->Registration Failed -->Duplicate phone number
- Customer with phone number 80988 ------->Registration Failed -->Duplicate phone number
- Customer with phone number 80989 ------->Registration Failed -->Duplicate phone number
- Customer with phone number 80990 ------->Registration Failed -->Duplicate phone number
- Customer with phone number 80991 ------->Registration Failed -->Duplicate phone number
- Customer with phone number 80992 ------->Registration Failed -->Duplicate phone number
- Customer with phone number 80993 ------->Registration Failed -->Duplicate phone number
- Customer with phone number 80994 ------->Registration Failed -->Duplicate phone number
- Customer with phone number 909951 ------->Registration Failed -->Duplicate phone number
- Customer with phone number 909991 ------->Registration Failed -->Duplicate phone number
- Job Execution Completed
- Customer with phone number 80969 ------->Registration Failed -->First Name field is empty.
- Customer with phone number 80968 ------->Registration Failed -->Duplicate phone number
- Customer with phone number  ------->Registration Failed -->Duplicate phone number
- Customer with phone number 80970 ------->Registration Failed -->Duplicate phone number
- Customer with phone number  ------->Registration Failed -->Address field is empty.
- Customer with phone number 80972 ------->Registration Failed -->Duplicate phone number
- Customer with phone number  ------->Registration Failed -->City field is empty.
- Customer with phone number 80974 ------->Registration Failed -->Duplicate phone number
- Customer with phone number 80975 ------->Registration Failed -->Duplicate phone number
- Customer with phone number 80976 ------->Registration Failed -->Duplicate phone number
- Customer with phone number 80977 ------->Registration Failed -->Duplicate phone number
- Customer with phone number 80978 ------->Registration Failed -->Duplicate phone number
- Customer with phone number 80979 ------->Registration Failed -->Duplicate phone number
- Customer with phone number 80980 ------->Registration Failed -->Duplicate phone number
- Customer with phone number 80981 ------->Registration Failed -->Duplicate phone number
- Customer with phone number 80982 ------->Registration Failed -->Duplicate phone number
- Customer with phone number 80983 ------->Registration Failed -->Duplicate phone number
- Customer with phone number 80984 ------->Registration Failed -->Duplicate phone number
- Customer with phone number 80985 ------->Registration Failed -->Duplicate phone number
- Customer with phone number 80986 ------->Registration Failed -->Duplicate phone number
- Customer with phone number 80987 ------->Registration Failed -->Duplicate phone number
- Customer with phone number 80988 ------->Registration Failed -->Duplicate phone number
- Customer with phone number 80989 ------->Registration Failed -->Duplicate phone number
- Customer with phone number 80990 ------->Registration Failed -->Duplicate phone number
- Customer with phone number 80991 ------->Registration Failed -->Duplicate phone number
- Customer with phone number 80992 ------->Registration Failed -->Duplicate phone number
- Customer with phone number 80993 ------->Registration Failed -->Duplicate phone number
- Customer with phone number 80994 ------->Registration Failed -->Duplicate phone number
- Customer with phone number 909951 ------->Registration Failed -->Duplicate phone number
- Customer with phone number 909991 ------->Registration Failed -->Duplicate phone number
- Job Execution Completed
- Starting CustomerProcessingApplicationTests on MCKD-TRNG60-46 with PID 10036 (started by comviva in D:\customer\Customer-Data-Processing-and-report-generator-java-config-)
- No active profile set, falling back to default profiles: default
- Started CustomerProcessingApplicationTests in 1.567 seconds (JVM running for 2.676)
- Customer with phone number 80969 ------->Registration Failed -->First Name field is empty.
- Customer with phone number 80968 ------->Registration Failed -->Duplicate phone number
- Customer with phone number  ------->Registration Failed -->Phone number field is empty.
- Customer with phone number 80970 ------->Registration Failed -->Duplicate phone number
- Customer with phone number  ------->Registration Failed -->Address field is empty.
- Customer with phone number 80972 ------->Registration Failed -->Duplicate phone number
- Customer with phone number  ------->Registration Failed -->City field is empty.
- Customer with phone number 80974 ------->Registration Failed -->Duplicate phone number
- Customer with phone number 80975 ------->Registration Failed -->Duplicate phone number
- Customer with phone number 80976 ------->Registration Failed -->Duplicate phone number
- Customer with phone number 80977 ------->Registration Failed -->Duplicate phone number
- Customer with phone number 80978 ------->Registration Failed -->Duplicate phone number
- Customer with phone number 80979 ------->Registration Failed -->Duplicate phone number
- Customer with phone number 80980 ------->Registration Failed -->Duplicate phone number
- Customer with phone number 80981 ------->Registration Failed -->Duplicate phone number
- Customer with phone number 80982 ------->Registration Failed -->Duplicate phone number
- Customer with phone number 80983 ------->Registration Failed -->Duplicate phone number
- Customer with phone number 80984 ------->Registration Failed -->Duplicate phone number
- Customer with phone number 80985 ------->Registration Failed -->Duplicate phone number
- Customer with phone number 80986 ------->Registration Failed -->Duplicate phone number
- Customer with phone number 80987 ------->Registration Failed -->Duplicate phone number
- Customer with phone number 80988 ------->Registration Failed -->Duplicate phone number
- Customer with phone number 80989 ------->Registration Failed -->Duplicate phone number
- Customer with phone number 80990 ------->Registration Failed -->Duplicate phone number
- Customer with phone number 80991 ------->Registration Failed -->Duplicate phone number
- Customer with phone number 80992 ------->Registration Failed -->Duplicate phone number
- Customer with phone number 80993 ------->Registration Failed -->Duplicate phone number
- Customer with phone number 80994 ------->Registration Failed -->Duplicate phone number
- Customer with phone number 909951 ------->Registration Failed -->Duplicate phone number
- Customer with phone number 909991 ------->Registration Failed -->Duplicate phone number
- Job Execution Completed
- Customer with phone number 80969 ------->Registration Failed -->First Name field is empty.
- Customer with phone number 80968 ------->Registration Failed -->Duplicate phone number
- Customer with phone number  ------->Registration Failed -->Phone number field is empty.
- Customer with phone number 80970 ------->Registration Failed -->Duplicate phone number
- Customer with phone number  ------->Registration Failed -->Address field is empty.
- Customer with phone number 80972 ------->Registration Failed -->Duplicate phone number
- Customer with phone number  ------->Registration Failed -->City field is empty.
- Customer with phone number 80974 ------->Registration Failed -->Duplicate phone number
- Customer with phone number 80975 ------->Registration Failed -->Duplicate phone number
- Customer with phone number 80976 ------->Registration Failed -->Duplicate phone number
- Customer with phone number 80977 ------->Registration Failed -->Duplicate phone number
- Customer with phone number 80978 ------->Registration Failed -->Duplicate phone number
- Customer with phone number 80979 ------->Registration Failed -->Duplicate phone number
- Customer with phone number 80980 ------->Registration Failed -->Duplicate phone number
- Customer with phone number 80981 ------->Registration Failed -->Duplicate phone number
- Customer with phone number 80982 ------->Registration Failed -->Duplicate phone number
- Customer with phone number 80983 ------->Registration Failed -->Duplicate phone number
- Customer with phone number 80984 ------->Registration Failed -->Duplicate phone number
- Customer with phone number 80985 ------->Registration Failed -->Duplicate phone number
- Customer with phone number 80986 ------->Registration Failed -->Duplicate phone number
- Customer with phone number 80987 ------->Registration Failed -->Duplicate phone number
- Customer with phone number 80988 ------->Registration Failed -->Duplicate phone number
- Customer with phone number 80989 ------->Registration Failed -->Duplicate phone number
- Customer with phone number 80990 ------->Registration Failed -->Duplicate phone number
- Customer with phone number 80991 ------->Registration Failed -->Duplicate phone number
- Customer with phone number 80992 ------->Registration Failed -->Duplicate phone number
- Customer with phone number 80993 ------->Registration Failed -->Duplicate phone number
- Customer with phone number 80994 ------->Registration Failed -->Duplicate phone number
- Customer with phone number 909951 ------->Registration Failed -->Duplicate phone number
- Customer with phone number 909991 ------->Registration Failed -->Duplicate phone number
- Job Execution Completed
